[INFO] 2021-12-01 10:02:45,909 main Sparta App - info message
[INFO] 2021-12-01 10:12:46,464 main Sparta App - info message
[INFO] 2021-12-01 10:57:13,780 main Sorting algorithms - Unknown option. Choice: bubble or quick (q to exit)
[INFO] 2021-12-01 10:57:19,766 main Sorting algorithms - Unknown option. Choice: bubble or quick (q to exit)
[INFO] 2021-12-01 11:02:34,724 main Sorting algorithms - Unknown option. Choice: bubble or quick (q to exit)
[INFO] 2021-12-01 11:07:57,085 main Sorting algorithms - Invalid input
[INFO] 2021-12-01 11:07:57,086 main Sorting algorithms - Unknown option. Choice: bubble or quick (q to exit)
[INFO] 2021-12-01 11:08:57,474 main Sorting algorithms - Invalid input SEED
[INFO] 2021-12-01 11:13:13,962 main Sorting algorithms - Invalid input for seed
[INFO] 2021-12-01 11:13:17,394 main Sorting algorithms - Unknown option. Choice: bubble or quick (q to exit)
[INFO] 2021-12-01 11:15:01,789 main Sorting algorithms - Invalid input for seed
[INFO] 2021-12-01 11:15:05,170 main Sorting algorithms - Invalid input for seed
[INFO] 2021-12-01 11:15:08,409 main Sorting algorithms - Unknown option. Choice: bubble or quick (q to exit)
[INFO] 2021-12-01 11:17:09,207 main Sorting algorithms - Invalid input for seed. Try again (0 to quit): 
[INFO] 2021-12-01 11:20:25,921 main Sorting algorithms - Invalid input for seed. Try again: 
[INFO] 2021-12-01 11:20:27,501 main Sorting algorithms - Invalid input for seed. Try again: 
[INFO] 2021-12-01 12:47:18,017 main Sorting algorithms - Invalid input for seed. Try again: 
[INFO] 2021-12-01 12:47:19,484 main Sorting algorithms - Invalid input for seed. Try again: 
[INFO] 2021-12-01 12:47:23,217 main Sorting algorithms - Invalid input for seed. Try again: 
[INFO] 2021-12-01 12:48:35,428 main Sorting algorithms - Invalid input for seed. Try again: 
[INFO] 2021-12-01 12:48:36,747 main Sorting algorithms - Invalid input for seed. Try again: 
[INFO] 2021-12-01 12:48:38,660 main Sorting algorithms - Invalid input for seed. Try again: 
[INFO] 2021-12-01 12:48:39,941 main Sorting algorithms - Invalid input for seed. Try again: 
[INFO] 2021-12-01 12:49:45,750 main Sorting algorithms - Invalid input for seed. Try again: 
[INFO] 2021-12-01 12:49:46,949 main Sorting algorithms - Invalid input for seed. Try again: 
[INFO] 2021-12-01 12:49:58,905 main Sorting algorithms - Invalid input for seed. Try again: 
[INFO] 2021-12-01 12:50:01,166 main Sorting algorithms - Invalid input for seed. Try again: 
[INFO] 2021-12-01 12:50:02,899 main Sorting algorithms - Invalid input for seed. Try again: 
[INFO] 2021-12-01 12:50:25,158 main Sorting algorithms - Invalid input for seed. Try again: 
[INFO] 2021-12-01 12:50:26,909 main Sorting algorithms - Invalid input for seed. Try again: 
[INFO] 2021-12-01 12:51:36,448 main Sorting algorithms - Invalid input for seed. Try again: 
[INFO] 2021-12-01 12:51:38,416 main Sorting algorithms - Invalid input for seed. Try again: 
[INFO] 2021-12-01 12:51:40,190 main Sorting algorithms - Invalid input for seed. Try again: 
[INFO] 2021-12-01 12:52:31,632 main Sorting algorithms - Invalid input for seed. Try again: 
[INFO] 2021-12-01 12:52:53,133 main Sorting algorithms - Invalid input for seed. Try again: 
[INFO] 2021-12-01 12:52:54,196 main Sorting algorithms - Invalid input for seed. Try again: 
[INFO] 2021-12-01 12:53:04,077 main Sorting algorithms - Invalid input for seed. Try again: 
[WARN] 2021-12-01 12:53:45,853 main Sorting algorithms - Invalid input for seed. Try again: 
[WARN] 2021-12-01 12:53:46,645 main Sorting algorithms - Invalid input for seed. Try again: 
[WARN] 2021-12-01 12:54:07,580 main Sorting algorithms - Invalid input for seed. Try again: (q to quit)
[INFO] 2021-12-01 12:54:12,389 main Sorting algorithms - Exiting
[WARN] 2021-12-01 12:54:22,419 main Sorting algorithms - Invalid input for seed. Try again: (q to quit)
[WARN] 2021-12-01 12:54:23,386 main Sorting algorithms - Invalid input for seed. Try again: (q to quit)
[WARN] 2021-12-01 13:08:16,953 main Sorting algorithms - Invalid input for seed. Try again: (q to exit)
[INFO] 2021-12-01 13:08:19,141 main Sorting algorithms - Exiting
[WARN] 2021-12-01 13:09:51,154 main Sorting algorithms - Invalid input for seed. Try again: (q to exit)
[INFO] 2021-12-01 13:09:52,385 main Sorting algorithms - Exiting
[WARN] 2021-12-01 13:55:42,305 main Sorting algorithms - Invalid input for seed. Try again: (q to exit)
[WARN] 2021-12-01 13:56:14,322 main Sorting algorithms - Invalid input for seed. Try again: (q to exit)
[INFO] 2021-12-01 13:56:17,986 main Sorting algorithms - Exiting
[WARN] 2021-12-01 13:56:44,372 main Sorting algorithms - Unknown option. Choice: bubble or quick (q to exit)
[WARN] 2021-12-02 09:28:27,868 main Sorting algorithms - Invalid input for seed. Try again: (q to exit)
[WARN] 2021-12-02 09:28:29,493 main Sorting algorithms - Invalid input for seed. Try again: (q to exit)
[INFO] 2021-12-02 09:28:30,774 main Sorting algorithms - Exiting
[WARN] 2021-12-02 09:32:13,302 main Sorting algorithms - Invalid input for seed. Try again: (q to exit)
[WARN] 2021-12-02 09:32:14,422 main Sorting algorithms - Invalid input for seed. Try again: (q to exit)
[WARN] 2021-12-02 09:32:15,502 main Sorting algorithms - Invalid input for seed. Try again: (q to exit)
[INFO] 2021-12-02 15:15:27,428 main Sorting algorithms - Exiting
[WARN] 2021-12-03 06:14:48,903 main com.sparta.sortingalgos.utils.Logging - Invalid input for seed. Try again: (q to exit)
[WARN] 2021-12-03 06:14:54,528 main com.sparta.sortingalgos.utils.Logging - Invalid input for seed. Try again: (q to exit)
[WARN] 2021-12-03 06:14:59,972 main com.sparta.sortingalgos.utils.Logging - Unknown option. Choice: bubble or quick (q to exit)
[WARN] 2021-12-03 06:17:33,279 main Logging - Invalid input for seed. Try again: (q to exit)
[WARN] 2021-12-03 06:17:39,377 main Logging - Unknown option. Choice: bubble or quick (q to exit)
[WARN] 2021-12-03 06:20:05,597 main Logging - Invalid input for seed. Try again: (q to exit)
[WARN] 2021-12-03 06:20:11,519 main Logging - Unknown option. Choice: bubble or quick (q to exit)
[WARN] 2021-12-03 06:20:23,958 main Logging - Unknown option. Choice: bubble or quick (q to exit)
[WARN] 2021-12-03 06:20:52,761 main Logging - Unknown option. Choice: bubble or quick (q to exit)
[WARN] 2021-12-03 06:22:48,108 main Logging - Invalid input for seed. Try again: (q to exit)
[WARN] 2021-12-03 06:22:51,229 main Logging - Unknown option. Choice: bubble or quick (q to exit)
[WARN] 2021-12-03 06:22:53,426 main Logging - Unknown option. Choice: bubble or quick (q to exit)
[WARN] 2021-12-03 09:08:22,483 main Logging - Invalid input for seed. Try again: (q to exit)
[WARN] 2021-12-03 10:25:49,105 main Logging - Unknown option. Choice: bubble or quick (q to exit)
[WARN] 2021-12-03 11:49:28,872 main Logging - Unknown option. Choice: bubble or quick (q to exit) > 
[WARN] 2021-12-03 14:11:06,928 main Logging - Unknown option. Choice: bubble or quick (q to exit) > 
[WARN] 2021-12-03 14:14:18,882 main Logging - Unknown option. Choice: bubble or quick (q to exit) > 
